{"/Users/shana/Desktop/github/fe-project-quanlity/examples/第6章 测试保障/jest/add.ts": {"path":"/Users/shana/Desktop/github/fe-project-quanlity/examples/第6章 测试保障/jest/add.ts","statementMap":{"0":{"start":{"line":2,"column":2},"end":{"line":2,"column":15}},"1":{"start":{"line":1,"column":0},"end":{"line":1,"column":16}}},"fnMap":{"0":{"name":"add","decl":{"start":{"line":1,"column":16},"end":{"line":1,"column":19}},"loc":{"start":{"line":1,"column":40},"end":{"line":3,"column":1}}}},"branchMap":{},"s":{"0":1,"1":1},"f":{"0":1},"b":{}}
,"/Users/shana/Desktop/github/fe-project-quanlity/examples/第6章 测试保障/jest/api.ts": {"path":"/Users/shana/Desktop/github/fe-project-quanlity/examples/第6章 测试保障/jest/api.ts","statementMap":{"0":{"start":{"line":1,"column":0},"end":{"line":1,"column":26}},"1":{"start":{"line":3,"column":30},"end":{"line":6,"column":2}},"2":{"start":{"line":3,"column":41},"end":{"line":6,"column":2}},"3":{"start":{"line":4,"column":14},"end":{"line":4,"column":59}},"4":{"start":{"line":5,"column":2},"end":{"line":5,"column":18}},"5":{"start":{"line":3,"column":13},"end":{"line":3,"column":30}},"6":{"start":{"line":8,"column":31},"end":{"line":11,"column":2}},"7":{"start":{"line":8,"column":42},"end":{"line":11,"column":2}},"8":{"start":{"line":9,"column":14},"end":{"line":9,"column":59}},"9":{"start":{"line":10,"column":2},"end":{"line":10,"column":18}},"10":{"start":{"line":8,"column":13},"end":{"line":8,"column":31}}},"fnMap":{"0":{"name":"(anonymous_7)","decl":{"start":{"line":3,"column":30},"end":{"line":3,"column":39}},"loc":{"start":{"line":3,"column":41},"end":{"line":6,"column":2}}},"1":{"name":"(anonymous_8)","decl":{"start":{"line":3,"column":41},"end":{"line":3,"column":null}},"loc":{"start":{"line":3,"column":41},"end":{"line":6,"column":1}}},"2":{"name":"(anonymous_9)","decl":{"start":{"line":8,"column":31},"end":{"line":8,"column":40}},"loc":{"start":{"line":8,"column":42},"end":{"line":11,"column":2}}},"3":{"name":"(anonymous_10)","decl":{"start":{"line":8,"column":42},"end":{"line":8,"column":null}},"loc":{"start":{"line":8,"column":42},"end":{"line":11,"column":1}}}},"branchMap":{},"s":{"0":1,"1":1,"2":1,"3":1,"4":0,"5":1,"6":1,"7":1,"8":1,"9":0,"10":1},"f":{"0":1,"1":1,"2":1,"3":1},"b":{}}
,"/Users/shana/Desktop/github/fe-project-quanlity/examples/第6章 测试保障/jest/person.ts": {"path":"/Users/shana/Desktop/github/fe-project-quanlity/examples/第6章 测试保障/jest/person.ts","statementMap":{"0":{"start":{"line":1,"column":0},"end":{"line":1,"column":56}},"1":{"start":{"line":3,"column":31},"end":{"line":6,"column":2}},"2":{"start":{"line":3,"column":42},"end":{"line":6,"column":2}},"3":{"start":{"line":4,"column":22},"end":{"line":4,"column":78}},"4":{"start":{"line":5,"column":2},"end":{"line":5,"column":23}},"5":{"start":{"line":3,"column":13},"end":{"line":3,"column":31}}},"fnMap":{"0":{"name":"(anonymous_7)","decl":{"start":{"line":3,"column":31},"end":{"line":3,"column":40}},"loc":{"start":{"line":3,"column":42},"end":{"line":6,"column":2}}},"1":{"name":"(anonymous_8)","decl":{"start":{"line":3,"column":42},"end":{"line":3,"column":null}},"loc":{"start":{"line":3,"column":42},"end":{"line":6,"column":1}}}},"branchMap":{},"s":{"0":1,"1":1,"2":1,"3":1,"4":0,"5":1},"f":{"0":1,"1":1},"b":{}}
,"/Users/shana/Desktop/github/fe-project-quanlity/examples/第6章 测试保障/jest/substract.ts": {"path":"/Users/shana/Desktop/github/fe-project-quanlity/examples/第6章 测试保障/jest/substract.ts","statementMap":{"0":{"start":{"line":2,"column":2},"end":{"line":2,"column":15}},"1":{"start":{"line":1,"column":0},"end":{"line":1,"column":16}}},"fnMap":{"0":{"name":"substract","decl":{"start":{"line":1,"column":16},"end":{"line":1,"column":25}},"loc":{"start":{"line":1,"column":46},"end":{"line":3,"column":1}}}},"branchMap":{},"s":{"0":1,"1":1},"f":{"0":1},"b":{}}
}
