TN:
SF:add.ts
FN:1,add
FNF:1
FNH:1
FNDA:1,add
DA:1,1
DA:2,1
LF:2
LH:2
BRF:0
BRH:0
end_of_record
TN:
SF:api.ts
FN:3,(anonymous_7)
FN:3,(anonymous_8)
FN:8,(anonymous_9)
FN:8,(anonymous_10)
FNF:4
FNH:4
FNDA:1,(anonymous_7)
FNDA:1,(anonymous_8)
FNDA:1,(anonymous_9)
FNDA:1,(anonymous_10)
DA:1,1
DA:3,1
DA:4,1
DA:5,0
DA:8,1
DA:9,1
DA:10,0
LF:7
LH:5
BRF:0
BRH:0
end_of_record
TN:
SF:person.ts
FN:3,(anonymous_7)
FN:3,(anonymous_8)
FNF:2
FNH:2
FNDA:1,(anonymous_7)
FNDA:1,(anonymous_8)
DA:1,1
DA:3,1
DA:4,1
DA:5,0
LF:4
LH:3
BRF:0
BRH:0
end_of_record
TN:
SF:substract.ts
FN:1,substract
FNF:1
FNH:1
FNDA:1,substract
DA:1,1
DA:2,1
LF:2
LH:2
BRF:0
BRH:0
end_of_record
